# JRE version: OpenJDK Runtime Environment (8.0_151-b12) (build 1.8.0_151-8u151-b12-0ubuntu0.16.04.2-b12)
# Java VM: OpenJDK 64-Bit Server VM (25.151-b12 mixed mode linux-amd64 compressed oops)
Heap:
 def new generation   total 4992K, used 1230K [0x00000000f0800000, 0x00000000f0d60000, 0x00000000f5aa0000)
  eden space 4480K,  27% used [0x00000000f0800000, 0x00000000f0933960, 0x00000000f0c60000)
  from space 512K,   0% used [0x00000000f0ce0000, 0x00000000f0ce0000, 0x00000000f0d60000)
  to   space 512K,   0% used [0x00000000f0c60000, 0x00000000f0c60000, 0x00000000f0ce0000)
 tenured generation   total 10944K, used 1620K [0x00000000f5aa0000, 0x00000000f6550000, 0x0000000100000000)
   the space 10944K,  14% used [0x00000000f5aa0000, 0x00000000f5c35030, 0x00000000f5c35200, 0x00000000f6550000)
 Metaspace       used 10041K, capacity 10260K, committed 10496K, reserved 1058816K
  class space    used 1125K, capacity 1202K, committed 1280K, reserved 1048576K
GC Heap History (10 events):
Event: 70.136 GC heap before
{Heap before GC invocations=38 (full 35):
 def new generation   total 4992K, used 3803K [0x00000000f0800000, 0x00000000f0d60000, 0x00000000f5aa0000)
  eden space 4480K,  84% used [0x00000000f0800000, 0x00000000f0bb14a8, 0x00000000f0c60000)
  from space 512K,   4% used [0x00000000f0c60000, 0x00000000f0c65b00, 0x00000000f0ce0000)
  to   space 512K,   0% used [0x00000000f0ce0000, 0x00000000f0ce0000, 0x00000000f0d60000)
 tenured generation   total 10944K, used 1687K [0x00000000f5aa0000, 0x00000000f6550000, 0x0000000100000000)
   the space 10944K,  15% used [0x00000000f5aa0000, 0x00000000f5c45d80, 0x00000000f5c45e00, 0x00000000f6550000)
 Metaspace       used 10033K, capacity 10196K, committed 10496K, reserved 1058816K
  class space    used 1125K, capacity 1202K, committed 1280K, reserved 1048576K
Event: 70.521 GC heap after
Heap after GC invocations=39 (full 36):
 def new generation   total 4992K, used 0K [0x00000000f0800000, 0x00000000f0d60000, 0x00000000f5aa0000)
  eden space 4480K,   0% used [0x00000000f0800000, 0x00000000f0800000, 0x00000000f0c60000)
  from space 512K,   0% used [0x00000000f0c60000, 0x00000000f0c60000, 0x00000000f0ce0000)
  to   space 512K,   0% used [0x00000000f0ce0000, 0x00000000f0ce0000, 0x00000000f0d60000)
 tenured generation   total 10944K, used 1562K [0x00000000f5aa0000, 0x00000000f6550000, 0x0000000100000000)
   the space 10944K,  14% used [0x00000000f5aa0000, 0x00000000f5c26870, 0x00000000f5c26a00, 0x00000000f6550000)
 Metaspace       used 10033K, capacity 10196K, committed 10496K, reserved 1058816K
  class space    used 1125K, capacity 1202K, committed 1280K, reserved 1048576K
}
Event: 71.681 GC heap before
{Heap before GC invocations=39 (full 36):
 def new generation   total 4992K, used 1350K [0x00000000f0800000, 0x00000000f0d60000, 0x00000000f5aa0000)
  eden space 4480K,  30% used [0x00000000f0800000, 0x00000000f0951b78, 0x00000000f0c60000)
  from space 512K,   0% used [0x00000000f0c60000, 0x00000000f0c60000, 0x00000000f0ce0000)
  to   space 512K,   0% used [0x00000000f0ce0000, 0x00000000f0ce0000, 0x00000000f0d60000)
 tenured generation   total 10944K, used 1562K [0x00000000f5aa0000, 0x00000000f6550000, 0x0000000100000000)
   the space 10944K,  14% used [0x00000000f5aa0000, 0x00000000f5c26870, 0x00000000f5c26a00, 0x00000000f6550000)
 Metaspace       used 10033K, capacity 10196K, committed 10496K, reserved 1058816K
  class space    used 1125K, capacity 1202K, committed 1280K, reserved 1048576K
Event: 71.735 GC heap after
Heap after GC invocations=40 (full 37):
 def new generation   total 4992K, used 0K [0x00000000f0800000, 0x00000000f0d60000, 0x00000000f5aa0000)
  eden space 4480K,   0% used [0x00000000f0800000, 0x00000000f0800000, 0x00000000f0c60000)
  from space 512K,   0% used [0x00000000f0c60000, 0x00000000f0c60000, 0x00000000f0ce0000)
  to   space 512K,   0% used [0x00000000f0ce0000, 0x00000000f0ce0000, 0x00000000f0d60000)
 tenured generation   total 10944K, used 1567K [0x00000000f5aa0000, 0x00000000f6550000, 0x0000000100000000)
   the space 10944K,  14% used [0x00000000f5aa0000, 0x00000000f5c27d00, 0x00000000f5c27e00, 0x00000000f6550000)
 Metaspace       used 10033K, capacity 10196K, committed 10496K, reserved 1058816K
  class space    used 1125K, capacity 1202K, committed 1280K, reserved 1048576K
}
Event: 78.149 GC heap before
{Heap before GC invocations=40 (full 37):
 def new generation   total 4992K, used 3277K [0x00000000f0800000, 0x00000000f0d60000, 0x00000000f5aa0000)
  eden space 4480K,  73% used [0x00000000f0800000, 0x00000000f0b335c8, 0x00000000f0c60000)
  from space 512K,   0% used [0x00000000f0c60000, 0x00000000f0c60000, 0x00000000f0ce0000)
  to   space 512K,   0% used [0x00000000f0ce0000, 0x00000000f0ce0000, 0x00000000f0d60000)
 tenured generation   total 10944K, used 1567K [0x00000000f5aa0000, 0x00000000f6550000, 0x0000000100000000)
   the space 10944K,  14% used [0x00000000f5aa0000, 0x00000000f5c27d00, 0x00000000f5c27e00, 0x00000000f6550000)
 Metaspace       used 10040K, capacity 10260K, committed 10496K, reserved 1058816K
  class space    used 1125K, capacity 1202K, committed 1280K, reserved 1048576K
Event: 78.246 GC heap after
Heap after GC invocations=41 (full 37):
 def new generation   total 4992K, used 6K [0x00000000f0800000, 0x00000000f0d60000, 0x00000000f5aa0000)
  eden space 4480K,   0% used [0x00000000f0800000, 0x00000000f0800000, 0x00000000f0c60000)
  from space 512K,   1% used [0x00000000f0ce0000, 0x00000000f0ce1bd8, 0x00000000f0d60000)
  to   space 512K,   0% used [0x00000000f0c60000, 0x00000000f0c60000, 0x00000000f0ce0000)
 tenured generation   total 10944K, used 1567K [0x00000000f5aa0000, 0x00000000f6550000, 0x0000000100000000)
   the space 10944K,  14% used [0x00000000f5aa0000, 0x00000000f5c27d00, 0x00000000f5c27e00, 0x00000000f6550000)
 Metaspace       used 10040K, capacity 10260K, committed 10496K, reserved 1058816K
  class space    used 1125K, capacity 1202K, committed 1280K, reserved 1048576K
}
Event: 88.774 GC heap before
{Heap before GC invocations=41 (full 37):
 def new generation   total 4992K, used 1158K [0x00000000f0800000, 0x00000000f0d60000, 0x00000000f5aa0000)
  eden space 4480K,  25% used [0x00000000f0800000, 0x00000000f091fda8, 0x00000000f0c60000)
  from space 512K,   1% used [0x00000000f0ce0000, 0x00000000f0ce1bd8, 0x00000000f0d60000)
  to   space 512K,   0% used [0x00000000f0c60000, 0x00000000f0c60000, 0x00000000f0ce0000)
 tenured generation   total 10944K, used 1567K [0x00000000f5aa0000, 0x00000000f6550000, 0x0000000100000000)
   the space 10944K,  14% used [0x00000000f5aa0000, 0x00000000f5c27d00, 0x00000000f5c27e00, 0x00000000f6550000)
 Metaspace       used 10040K, capacity 10260K, committed 10496K, reserved 1058816K
  class space    used 1125K, capacity 1202K, committed 1280K, reserved 1048576K
Event: 91.262 GC heap after
Heap after GC invocations=42 (full 38):
 def new generation   total 4992K, used 0K [0x00000000f0800000, 0x00000000f0d60000, 0x00000000f5aa0000)
  eden space 4480K,   0% used [0x00000000f0800000, 0x00000000f0800000, 0x00000000f0c60000)
  from space 512K,   0% used [0x00000000f0ce0000, 0x00000000f0ce0000, 0x00000000f0d60000)
  to   space 512K,   0% used [0x00000000f0c60000, 0x00000000f0c60000, 0x00000000f0ce0000)
 tenured generation   total 10944K, used 1597K [0x00000000f5aa0000, 0x00000000f6550000, 0x0000000100000000)
   the space 10944K,  14% used [0x00000000f5aa0000, 0x00000000f5c2f5b8, 0x00000000f5c2f600, 0x00000000f6550000)
 Metaspace       used 10040K, capacity 10260K, committed 10496K, reserved 1058816K
  class space    used 1125K, capacity 1202K, committed 1280K, reserved 1048576K
}
Event: 105.275 GC heap before
{Heap before GC invocations=42 (full 38):
 def new generation   total 4992K, used 679K [0x00000000f0800000, 0x00000000f0d60000, 0x00000000f5aa0000)
  eden space 4480K,  15% used [0x00000000f0800000, 0x00000000f08a9fe8, 0x00000000f0c60000)
  from space 512K,   0% used [0x00000000f0ce0000, 0x00000000f0ce0000, 0x00000000f0d60000)
  to   space 512K,   0% used [0x00000000f0c60000, 0x00000000f0c60000, 0x00000000f0ce0000)
 tenured generation   total 10944K, used 1597K [0x00000000f5aa0000, 0x00000000f6550000, 0x0000000100000000)
   the space 10944K,  14% used [0x00000000f5aa0000, 0x00000000f5c2f5b8, 0x00000000f5c2f600, 0x00000000f6550000)
 Metaspace       used 10041K, capacity 10260K, committed 10496K, reserved 1058816K
  class space    used 1125K, capacity 1202K, committed 1280K, reserved 1048576K
Event: 108.041 GC heap after
Heap after GC invocations=43 (full 39):
 def new generation   total 4992K, used 0K [0x00000000f0800000, 0x00000000f0d60000, 0x00000000f5aa0000)
  eden space 4480K,   0% used [0x00000000f0800000, 0x00000000f0800000, 0x00000000f0c60000)
  from space 512K,   0% used [0x00000000f0ce0000, 0x00000000f0ce0000, 0x00000000f0d60000)
  to   space 512K,   0% used [0x00000000f0c60000, 0x00000000f0c60000, 0x00000000f0ce0000)
 tenured generation   total 10944K, used 1620K [0x00000000f5aa0000, 0x00000000f6550000, 0x0000000100000000)
   the space 10944K,  14% used [0x00000000f5aa0000, 0x00000000f5c35030, 0x00000000f5c35200, 0x00000000f6550000)
 Metaspace       used 10041K, capacity 10260K, committed 10496K, reserved 1058816K
  class space    used 1125K, capacity 1202K, committed 1280K, reserved 1048576K
}

